This file contains any messages produced by compilers while
running configure, to aid debugging if configure makes a mistake.

It was created by calcultor configure 1.0, which was
generated by GNU Autoconf 2.69.  Invocation command line was

  $ ./configure --no-create --no-recursion

## --------- ##
## Platform. ##
## --------- ##

hostname = leon-Lenovo-B460
uname -m = i686
uname -r = 3.13.0-55-generic
uname -s = Linux
uname -v = #94-Ubuntu SMP Thu Jun 18 00:28:41 UTC 2015

/usr/bin/uname -p = unknown
/bin/uname -X     = unknown

/bin/arch              = unknown
/usr/bin/arch -k       = unknown
/usr/convex/getsysinfo = unknown
/usr/bin/hostinfo      = unknown
/bin/machine           = unknown
/usr/bin/oslevel       = unknown
/bin/universe          = unknown

PATH: /usr/local/sbin
PATH: /usr/local/bin
PATH: /usr/sbin
PATH: /usr/bin
PATH: /sbin
PATH: /bin
PATH: /usr/games
PATH: /usr/local/games


## ----------- ##
## Core tests. ##
## ----------- ##

configure:2091: checking for a BSD-compatible install
configure:2159: result: /usr/bin/install -c
configure:2170: checking whether build environment is sane
configure:2225: result: yes
configure:2376: checking for a thread-safe mkdir -p
configure:2415: result: /bin/mkdir -p
configure:2422: checking for gawk
configure:2438: found /usr/bin/gawk
configure:2449: result: gawk
configure:2460: checking whether make sets $(MAKE)
configure:2482: result: yes
configure:2511: checking whether make supports nested variables
configure:2528: result: yes
configure:2714: checking for g++
configure:2730: found /usr/bin/g++
configure:2741: result: g++
configure:2768: checking for C++ compiler version
configure:2777: g++ --version >&5
g++ (Ubuntu 4.8.4-2ubuntu1~14.04) 4.8.4
Copyright (C) 2013 Free Software Foundation, Inc.
This is free software; see the source for copying conditions.  There is NO
warranty; not even for MERCHANTABILITY or FITNESS FOR A PARTICULAR PURPOSE.

configure:2788: $? = 0
configure:2777: g++ -v >&5
Using built-in specs.
COLLECT_GCC=g++
COLLECT_LTO_WRAPPER=/usr/lib/gcc/i686-linux-gnu/4.8/lto-wrapper
Target: i686-linux-gnu
Configured with: ../src/configure -v --with-pkgversion='Ubuntu 4.8.4-2ubuntu1~14.04' --with-bugurl=file:///usr/share/doc/gcc-4.8/README.Bugs --enable-languages=c,c++,java,go,d,fortran,objc,obj-c++ --prefix=/usr --program-suffix=-4.8 --enable-shared --enable-linker-build-id --libexecdir=/usr/lib --without-included-gettext --enable-threads=posix --with-gxx-include-dir=/usr/include/c++/4.8 --libdir=/usr/lib --enable-nls --with-sysroot=/ --enable-clocale=gnu --enable-libstdcxx-debug --enable-libstdcxx-time=yes --enable-gnu-unique-object --disable-libmudflap --enable-plugin --with-system-zlib --disable-browser-plugin --enable-java-awt=gtk --enable-gtk-cairo --with-java-home=/usr/lib/jvm/java-1.5.0-gcj-4.8-i386/jre --enable-java-home --with-jvm-root-dir=/usr/lib/jvm/java-1.5.0-gcj-4.8-i386 --with-jvm-jar-dir=/usr/lib/jvm-exports/java-1.5.0-gcj-4.8-i386 --with-arch-directory=i386 --with-ecj-jar=/usr/share/java/eclipse-ecj.jar --enable-objc-gc --enable-targets=all --enable-multiarch --disable-werror --with-arch-32=i686 --with-multilib-list=m32,m64,mx32 --with-tune=generic --enable-checking=release --build=i686-linux-gnu --host=i686-linux-gnu --target=i686-linux-gnu
Thread model: posix
gcc version 4.8.4 (Ubuntu 4.8.4-2ubuntu1~14.04) 
configure:2788: $? = 0
configure:2777: g++ -V >&5
g++: error: unrecognized command line option '-V'
g++: fatal error: no input files
compilation terminated.
configure:2788: $? = 4
configure:2777: g++ -qversion >&5
g++: error: unrecognized command line option '-qversion'
g++: fatal error: no input files
compilation terminated.
configure:2788: $? = 4
configure:2808: checking whether the C++ compiler works
configure:2830: g++    conftest.cpp  >&5
configure:2834: $? = 0
configure:2882: result: yes
configure:2885: checking for C++ compiler default output file name
configure:2887: result: a.out
configure:2893: checking for suffix of executables
configure:2900: g++ -o conftest    conftest.cpp  >&5
configure:2904: $? = 0
configure:2926: result: 
configure:2948: checking whether we are cross compiling
configure:2956: g++ -o conftest    conftest.cpp  >&5
configure:2960: $? = 0
configure:2967: ./conftest
configure:2971: $? = 0
configure:2986: result: no
configure:2991: checking for suffix of object files
configure:3013: g++ -c   conftest.cpp >&5
configure:3017: $? = 0
configure:3038: result: o
configure:3042: checking whether we are using the GNU C++ compiler
configure:3061: g++ -c   conftest.cpp >&5
configure:3061: $? = 0
configure:3070: result: yes
configure:3079: checking whether g++ accepts -g
configure:3099: g++ -c -g  conftest.cpp >&5
configure:3099: $? = 0
configure:3140: result: yes
configure:3174: checking for style of include used by make
configure:3202: result: GNU
configure:3228: checking dependency style of g++
configure:3339: result: gcc3
configure:3402: checking for gcc
configure:3418: found /usr/bin/gcc
configure:3429: result: gcc
configure:3658: checking for C compiler version
configure:3667: gcc --version >&5
gcc (Ubuntu 4.8.4-2ubuntu1~14.04) 4.8.4
Copyright (C) 2013 Free Software Foundation, Inc.
This is free software; see the source for copying conditions.  There is NO
warranty; not even for MERCHANTABILITY or FITNESS FOR A PARTICULAR PURPOSE.

configure:3678: $? = 0
configure:3667: gcc -v >&5
Using built-in specs.
COLLECT_GCC=gcc
COLLECT_LTO_WRAPPER=/usr/lib/gcc/i686-linux-gnu/4.8/lto-wrapper
Target: i686-linux-gnu
Configured with: ../src/configure -v --with-pkgversion='Ubuntu 4.8.4-2ubuntu1~14.04' --with-bugurl=file:///usr/share/doc/gcc-4.8/README.Bugs --enable-languages=c,c++,java,go,d,fortran,objc,obj-c++ --prefix=/usr --program-suffix=-4.8 --enable-shared --enable-linker-build-id --libexecdir=/usr/lib --without-included-gettext --enable-threads=posix --with-gxx-include-dir=/usr/include/c++/4.8 --libdir=/usr/lib --enable-nls --with-sysroot=/ --enable-clocale=gnu --enable-libstdcxx-debug --enable-libstdcxx-time=yes --enable-gnu-unique-object --disable-libmudflap --enable-plugin --with-system-zlib --disable-browser-plugin --enable-java-awt=gtk --enable-gtk-cairo --with-java-home=/usr/lib/jvm/java-1.5.0-gcj-4.8-i386/jre --enable-java-home --with-jvm-root-dir=/usr/lib/jvm/java-1.5.0-gcj-4.8-i386 --with-jvm-jar-dir=/usr/lib/jvm-exports/java-1.5.0-gcj-4.8-i386 --with-arch-directory=i386 --with-ecj-jar=/usr/share/java/eclipse-ecj.jar --enable-objc-gc --enable-targets=all --enable-multiarch --disable-werror --with-arch-32=i686 --with-multilib-list=m32,m64,mx32 --with-tune=generic --enable-checking=release --build=i686-linux-gnu --host=i686-linux-gnu --target=i686-linux-gnu
Thread model: posix
gcc version 4.8.4 (Ubuntu 4.8.4-2ubuntu1~14.04) 
configure:3678: $? = 0
configure:3667: gcc -V >&5
gcc: error: unrecognized command line option '-V'
gcc: fatal error: no input files
compilation terminated.
configure:3678: $? = 4
configure:3667: gcc -qversion >&5
gcc: error: unrecognized command line option '-qversion'
gcc: fatal error: no input files
compilation terminated.
configure:3678: $? = 4
configure:3682: checking whether we are using the GNU C compiler
configure:3701: gcc -c   conftest.c >&5
configure:3701: $? = 0
configure:3710: result: yes
configure:3719: checking whether gcc accepts -g
configure:3739: gcc -c -g  conftest.c >&5
configure:3739: $? = 0
configure:3780: result: yes
configure:3797: checking for gcc option to accept ISO C89
configure:3860: gcc  -c -g -O2  conftest.c >&5
configure:3860: $? = 0
configure:3873: result: none needed
configure:3898: checking whether gcc understands -c and -o together
configure:3920: gcc -c conftest.c -o conftest2.o
configure:3923: $? = 0
configure:3920: gcc -c conftest.c -o conftest2.o
configure:3923: $? = 0
configure:3935: result: yes
configure:3954: checking dependency style of gcc
configure:4065: result: gcc3
configure:4125: checking for ranlib
configure:4141: found /usr/bin/ranlib
configure:4152: result: ranlib
configure:4184: checking how to run the C preprocessor
configure:4215: gcc -E  conftest.c
configure:4215: $? = 0
configure:4229: gcc -E  conftest.c
conftest.c:11:28: fatal error: ac_nonexistent.h: No such file or directory
 #include <ac_nonexistent.h>
                            ^
compilation terminated.
configure:4229: $? = 1
configure: failed program was:
| /* confdefs.h */
| #define PACKAGE_NAME "calcultor"
| #define PACKAGE_TARNAME "calcultor"
| #define PACKAGE_VERSION "1.0"
| #define PACKAGE_STRING "calcultor 1.0"
| #define PACKAGE_BUGREPORT "sjzlyl406@163.com"
| #define PACKAGE_URL ""
| #define PACKAGE "calcultor"
| #define VERSION "0.1"
| /* end confdefs.h.  */
| #include <ac_nonexistent.h>
configure:4254: result: gcc -E
configure:4274: gcc -E  conftest.c
configure:4274: $? = 0
configure:4288: gcc -E  conftest.c
conftest.c:11:28: fatal error: ac_nonexistent.h: No such file or directory
 #include <ac_nonexistent.h>
                            ^
compilation terminated.
configure:4288: $? = 1
configure: failed program was:
| /* confdefs.h */
| #define PACKAGE_NAME "calcultor"
| #define PACKAGE_TARNAME "calcultor"
| #define PACKAGE_VERSION "1.0"
| #define PACKAGE_STRING "calcultor 1.0"
| #define PACKAGE_BUGREPORT "sjzlyl406@163.com"
| #define PACKAGE_URL ""
| #define PACKAGE "calcultor"
| #define VERSION "0.1"
| /* end confdefs.h.  */
| #include <ac_nonexistent.h>
configure:4317: checking for grep that handles long lines and -e
configure:4375: result: /bin/grep
configure:4380: checking for egrep
configure:4442: result: /bin/grep -E
configure:4447: checking for ANSI C header files
configure:4467: gcc -c -g -O2  conftest.c >&5
configure:4467: $? = 0
configure:4540: gcc -o conftest -g -O2   conftest.c  >&5
configure:4540: $? = 0
configure:4540: ./conftest
configure:4540: $? = 0
configure:4551: result: yes
configure:4564: checking for sys/types.h
configure:4564: gcc -c -g -O2  conftest.c >&5
configure:4564: $? = 0
configure:4564: result: yes
configure:4564: checking for sys/stat.h
configure:4564: gcc -c -g -O2  conftest.c >&5
configure:4564: $? = 0
configure:4564: result: yes
configure:4564: checking for stdlib.h
configure:4564: gcc -c -g -O2  conftest.c >&5
configure:4564: $? = 0
configure:4564: result: yes
configure:4564: checking for string.h
configure:4564: gcc -c -g -O2  conftest.c >&5
configure:4564: $? = 0
configure:4564: result: yes
configure:4564: checking for memory.h
configure:4564: gcc -c -g -O2  conftest.c >&5
configure:4564: $? = 0
configure:4564: result: yes
configure:4564: checking for strings.h
configure:4564: gcc -c -g -O2  conftest.c >&5
configure:4564: $? = 0
configure:4564: result: yes
configure:4564: checking for inttypes.h
configure:4564: gcc -c -g -O2  conftest.c >&5
configure:4564: $? = 0
configure:4564: result: yes
configure:4564: checking for stdint.h
configure:4564: gcc -c -g -O2  conftest.c >&5
configure:4564: $? = 0
configure:4564: result: yes
configure:4564: checking for unistd.h
configure:4564: gcc -c -g -O2  conftest.c >&5
configure:4564: $? = 0
configure:4564: result: yes
configure:4576: checking for stdbool.h that conforms to C99
configure:4643: gcc -c -g -O2  conftest.c >&5
configure:4643: $? = 0
configure:4650: result: yes
configure:4652: checking for _Bool
configure:4652: gcc -c -g -O2  conftest.c >&5
configure:4652: $? = 0
configure:4652: gcc -c -g -O2  conftest.c >&5
conftest.c: In function 'main':
conftest.c:57:20: error: expected expression before ')' token
 if (sizeof ((_Bool)))
                    ^
configure:4652: $? = 1
configure: failed program was:
| /* confdefs.h */
| #define PACKAGE_NAME "calcultor"
| #define PACKAGE_TARNAME "calcultor"
| #define PACKAGE_VERSION "1.0"
| #define PACKAGE_STRING "calcultor 1.0"
| #define PACKAGE_BUGREPORT "sjzlyl406@163.com"
| #define PACKAGE_URL ""
| #define PACKAGE "calcultor"
| #define VERSION "0.1"
| #define STDC_HEADERS 1
| #define HAVE_SYS_TYPES_H 1
| #define HAVE_SYS_STAT_H 1
| #define HAVE_STDLIB_H 1
| #define HAVE_STRING_H 1
| #define HAVE_MEMORY_H 1
| #define HAVE_STRINGS_H 1
| #define HAVE_INTTYPES_H 1
| #define HAVE_STDINT_H 1
| #define HAVE_UNISTD_H 1
| /* end confdefs.h.  */
| #include <stdio.h>
| #ifdef HAVE_SYS_TYPES_H
| # include <sys/types.h>
| #endif
| #ifdef HAVE_SYS_STAT_H
| # include <sys/stat.h>
| #endif
| #ifdef STDC_HEADERS
| # include <stdlib.h>
| # include <stddef.h>
| #else
| # ifdef HAVE_STDLIB_H
| #  include <stdlib.h>
| # endif
| #endif
| #ifdef HAVE_STRING_H
| # if !defined STDC_HEADERS && defined HAVE_MEMORY_H
| #  include <memory.h>
| # endif
| # include <string.h>
| #endif
| #ifdef HAVE_STRINGS_H
| # include <strings.h>
| #endif
| #ifdef HAVE_INTTYPES_H
| # include <inttypes.h>
| #endif
| #ifdef HAVE_STDINT_H
| # include <stdint.h>
| #endif
| #ifdef HAVE_UNISTD_H
| # include <unistd.h>
| #endif
| int
| main ()
| {
| if (sizeof ((_Bool)))
| 	    return 0;
|   ;
|   return 0;
| }
configure:4652: result: yes
configure:4663: checking for size_t
configure:4663: gcc -c -g -O2  conftest.c >&5
configure:4663: $? = 0
configure:4663: gcc -c -g -O2  conftest.c >&5
conftest.c: In function 'main':
conftest.c:58:21: error: expected expression before ')' token
 if (sizeof ((size_t)))
                     ^
configure:4663: $? = 1
configure: failed program was:
| /* confdefs.h */
| #define PACKAGE_NAME "calcultor"
| #define PACKAGE_TARNAME "calcultor"
| #define PACKAGE_VERSION "1.0"
| #define PACKAGE_STRING "calcultor 1.0"
| #define PACKAGE_BUGREPORT "sjzlyl406@163.com"
| #define PACKAGE_URL ""
| #define PACKAGE "calcultor"
| #define VERSION "0.1"
| #define STDC_HEADERS 1
| #define HAVE_SYS_TYPES_H 1
| #define HAVE_SYS_STAT_H 1
| #define HAVE_STDLIB_H 1
| #define HAVE_STRING_H 1
| #define HAVE_MEMORY_H 1
| #define HAVE_STRINGS_H 1
| #define HAVE_INTTYPES_H 1
| #define HAVE_STDINT_H 1
| #define HAVE_UNISTD_H 1
| #define HAVE__BOOL 1
| /* end confdefs.h.  */
| #include <stdio.h>
| #ifdef HAVE_SYS_TYPES_H
| # include <sys/types.h>
| #endif
| #ifdef HAVE_SYS_STAT_H
| # include <sys/stat.h>
| #endif
| #ifdef STDC_HEADERS
| # include <stdlib.h>
| # include <stddef.h>
| #else
| # ifdef HAVE_STDLIB_H
| #  include <stdlib.h>
| # endif
| #endif
| #ifdef HAVE_STRING_H
| # if !defined STDC_HEADERS && defined HAVE_MEMORY_H
| #  include <memory.h>
| # endif
| # include <string.h>
| #endif
| #ifdef HAVE_STRINGS_H
| # include <strings.h>
| #endif
| #ifdef HAVE_INTTYPES_H
| # include <inttypes.h>
| #endif
| #ifdef HAVE_STDINT_H
| # include <stdint.h>
| #endif
| #ifdef HAVE_UNISTD_H
| # include <unistd.h>
| #endif
| int
| main ()
| {
| if (sizeof ((size_t)))
| 	    return 0;
|   ;
|   return 0;
| }
configure:4663: result: yes
configure:4788: checking that generated files are newer than configure
configure:4794: result: done
configure:4821: creating ./config.status

## ---------------- ##
## Cache variables. ##
## ---------------- ##

ac_cv_c_compiler_gnu=yes
ac_cv_cxx_compiler_gnu=yes
ac_cv_env_CCC_set=
ac_cv_env_CCC_value=
ac_cv_env_CC_set=
ac_cv_env_CC_value=
ac_cv_env_CFLAGS_set=
ac_cv_env_CFLAGS_value=
ac_cv_env_CPPFLAGS_set=
ac_cv_env_CPPFLAGS_value=
ac_cv_env_CPP_set=
ac_cv_env_CPP_value=
ac_cv_env_CXXFLAGS_set=
ac_cv_env_CXXFLAGS_value=
ac_cv_env_CXX_set=
ac_cv_env_CXX_value=
ac_cv_env_LDFLAGS_set=
ac_cv_env_LDFLAGS_value=
ac_cv_env_LIBS_set=
ac_cv_env_LIBS_value=
ac_cv_env_build_alias_set=
ac_cv_env_build_alias_value=
ac_cv_env_host_alias_set=
ac_cv_env_host_alias_value=
ac_cv_env_target_alias_set=
ac_cv_env_target_alias_value=
ac_cv_header_inttypes_h=yes
ac_cv_header_memory_h=yes
ac_cv_header_stdbool_h=yes
ac_cv_header_stdc=yes
ac_cv_header_stdint_h=yes
ac_cv_header_stdlib_h=yes
ac_cv_header_string_h=yes
ac_cv_header_strings_h=yes
ac_cv_header_sys_stat_h=yes
ac_cv_header_sys_types_h=yes
ac_cv_header_unistd_h=yes
ac_cv_objext=o
ac_cv_path_EGREP='/bin/grep -E'
ac_cv_path_GREP=/bin/grep
ac_cv_path_install='/usr/bin/install -c'
ac_cv_path_mkdir=/bin/mkdir
ac_cv_prog_AWK=gawk
ac_cv_prog_CPP='gcc -E'
ac_cv_prog_ac_ct_CC=gcc
ac_cv_prog_ac_ct_CXX=g++
ac_cv_prog_ac_ct_RANLIB=ranlib
ac_cv_prog_cc_c89=
ac_cv_prog_cc_g=yes
ac_cv_prog_cxx_g=yes
ac_cv_prog_make_make_set=yes
ac_cv_type__Bool=yes
ac_cv_type_size_t=yes
am_cv_CC_dependencies_compiler_type=gcc3
am_cv_CXX_dependencies_compiler_type=gcc3
am_cv_make_support_nested_variables=yes
am_cv_prog_cc_c_o=yes

## ----------------- ##
## Output variables. ##
## ----------------- ##

ACLOCAL='${SHELL} /home/leon/workspace/calcul_parser/missing aclocal-1.14'
AMDEPBACKSLASH='\'
AMDEP_FALSE='#'
AMDEP_TRUE=''
AMTAR='$${TAR-tar}'
AM_BACKSLASH='\'
AM_DEFAULT_V='$(AM_DEFAULT_VERBOSITY)'
AM_DEFAULT_VERBOSITY='1'
AM_V='$(V)'
AUTOCONF='${SHELL} /home/leon/workspace/calcul_parser/missing autoconf'
AUTOHEADER='${SHELL} /home/leon/workspace/calcul_parser/missing autoheader'
AUTOMAKE='${SHELL} /home/leon/workspace/calcul_parser/missing automake-1.14'
AWK='gawk'
CC='gcc'
CCDEPMODE='depmode=gcc3'
CFLAGS='-g -O2'
CPP='gcc -E'
CPPFLAGS=''
CXX='g++'
CXXDEPMODE='depmode=gcc3'
CXXFLAGS='-g -O2'
CYGPATH_W='echo'
DEFS='-DHAVE_CONFIG_H'
DEPDIR='.deps'
ECHO_C=''
ECHO_N='-n'
ECHO_T=''
EGREP='/bin/grep -E'
EXEEXT=''
GREP='/bin/grep'
INSTALL_DATA='${INSTALL} -m 644'
INSTALL_PROGRAM='${INSTALL}'
INSTALL_SCRIPT='${INSTALL}'
INSTALL_STRIP_PROGRAM='$(install_sh) -c -s'
LDFLAGS=''
LIBOBJS=''
LIBS=''
LTLIBOBJS=''
MAKEINFO='${SHELL} /home/leon/workspace/calcul_parser/missing makeinfo'
MKDIR_P='/bin/mkdir -p'
OBJEXT='o'
PACKAGE='calcultor'
PACKAGE_BUGREPORT='sjzlyl406@163.com'
PACKAGE_NAME='calcultor'
PACKAGE_STRING='calcultor 1.0'
PACKAGE_TARNAME='calcultor'
PACKAGE_URL=''
PACKAGE_VERSION='1.0'
PATH_SEPARATOR=':'
RANLIB='ranlib'
SET_MAKE=''
SHELL='/bin/bash'
STRIP=''
VERSION='0.1'
ac_ct_CC='gcc'
ac_ct_CXX='g++'
am__EXEEXT_FALSE=''
am__EXEEXT_TRUE='#'
am__fastdepCC_FALSE='#'
am__fastdepCC_TRUE=''
am__fastdepCXX_FALSE='#'
am__fastdepCXX_TRUE=''
am__include='include'
am__isrc=''
am__leading_dot='.'
am__nodep='_no'
am__quote=''
am__tar='$${TAR-tar} chof - "$$tardir"'
am__untar='$${TAR-tar} xf -'
bindir='${exec_prefix}/bin'
build_alias=''
datadir='${datarootdir}'
datarootdir='${prefix}/share'
docdir='${datarootdir}/doc/${PACKAGE_TARNAME}'
dvidir='${docdir}'
exec_prefix='${prefix}'
host_alias=''
htmldir='${docdir}'
includedir='${prefix}/include'
infodir='${datarootdir}/info'
install_sh='${SHELL} /home/leon/workspace/calcul_parser/install-sh'
libdir='${exec_prefix}/lib'
libexecdir='${exec_prefix}/libexec'
localedir='${datarootdir}/locale'
localstatedir='${prefix}/var'
mandir='${datarootdir}/man'
mkdir_p='$(MKDIR_P)'
oldincludedir='/usr/include'
pdfdir='${docdir}'
prefix='/usr/local'
program_transform_name='s,x,x,'
psdir='${docdir}'
sbindir='${exec_prefix}/sbin'
sharedstatedir='${prefix}/com'
sysconfdir='${prefix}/etc'
target_alias=''

## ----------- ##
## confdefs.h. ##
## ----------- ##

/* confdefs.h */
#define PACKAGE_NAME "calcultor"
#define PACKAGE_TARNAME "calcultor"
#define PACKAGE_VERSION "1.0"
#define PACKAGE_STRING "calcultor 1.0"
#define PACKAGE_BUGREPORT "sjzlyl406@163.com"
#define PACKAGE_URL ""
#define PACKAGE "calcultor"
#define VERSION "0.1"
#define STDC_HEADERS 1
#define HAVE_SYS_TYPES_H 1
#define HAVE_SYS_STAT_H 1
#define HAVE_STDLIB_H 1
#define HAVE_STRING_H 1
#define HAVE_MEMORY_H 1
#define HAVE_STRINGS_H 1
#define HAVE_INTTYPES_H 1
#define HAVE_STDINT_H 1
#define HAVE_UNISTD_H 1
#define HAVE__BOOL 1

configure: exit 0

## ---------------------- ##
## Running config.status. ##
## ---------------------- ##

This file was extended by calcultor config.status 1.0, which was
generated by GNU Autoconf 2.69.  Invocation command line was

  CONFIG_FILES    = 
  CONFIG_HEADERS  = 
  CONFIG_LINKS    = 
  CONFIG_COMMANDS = 
  $ ./config.status 

on leon-Lenovo-B460

config.status:860: creating Makefile
config.status:860: creating config.h
config.status:1041: config.h is unchanged
config.status:1089: executing depfiles commands

## ---------------------- ##
## Running config.status. ##
## ---------------------- ##

This file was extended by calcultor config.status 1.0, which was
generated by GNU Autoconf 2.69.  Invocation command line was

  CONFIG_FILES    = 
  CONFIG_HEADERS  = 
  CONFIG_LINKS    = 
  CONFIG_COMMANDS = 
  $ ./config.status config.h

on leon-Lenovo-B460

config.status:860: creating config.h
config.status:1041: config.h is unchanged

## ---------------------- ##
## Running config.status. ##
## ---------------------- ##

This file was extended by calcultor config.status 1.0, which was
generated by GNU Autoconf 2.69.  Invocation command line was

  CONFIG_FILES    = 
  CONFIG_HEADERS  = 
  CONFIG_LINKS    = 
  CONFIG_COMMANDS = 
  $ ./config.status Makefile depfiles

on leon-Lenovo-B460

config.status:860: creating Makefile
config.status:1089: executing depfiles commands
